2021-03-06 22:39:18,930 INFO o.a.j.u.JMeterUtils: Setting Locale to zh_CN
2021-03-06 22:39:18,940 INFO o.a.j.JMeter: Loading user properties from: user.properties
2021-03-06 22:39:18,941 INFO o.a.j.JMeter: Loading system properties from: system.properties
2021-03-06 22:39:18,944 INFO o.a.j.JMeter: Copyright (c) 1998-2018 The Apache Software Foundation
2021-03-06 22:39:18,945 INFO o.a.j.JMeter: Version 4.0 r1823414
2021-03-06 22:39:18,945 INFO o.a.j.JMeter: java.version=1.8.0_144
2021-03-06 22:39:18,945 INFO o.a.j.JMeter: java.vm.name=Java HotSpot(TM) 64-Bit Server VM
2021-03-06 22:39:18,945 INFO o.a.j.JMeter: os.name=Windows 10
2021-03-06 22:39:18,945 INFO o.a.j.JMeter: os.arch=amd64
2021-03-06 22:39:18,945 INFO o.a.j.JMeter: os.version=10.0
2021-03-06 22:39:18,945 INFO o.a.j.JMeter: file.encoding=GBK
2021-03-06 22:39:18,945 INFO o.a.j.JMeter: Max memory     =3791650816
2021-03-06 22:39:18,945 INFO o.a.j.JMeter: Available Processors =8
2021-03-06 22:39:18,950 INFO o.a.j.JMeter: Default Locale=中文 (中国)
2021-03-06 22:39:18,950 INFO o.a.j.JMeter: JMeter  Locale=中文 (中国)
2021-03-06 22:39:18,950 INFO o.a.j.JMeter: JMeterHome=D:\softwareInstall\jmeter\apache-jmeter-4.0
2021-03-06 22:39:18,950 INFO o.a.j.JMeter: user.dir  =D:\softwareInstall\jmeter\apache-jmeter-4.0\bin
2021-03-06 22:39:18,951 INFO o.a.j.JMeter: PWD       =D:\softwareInstall\jmeter\apache-jmeter-4.0\bin
2021-03-06 22:39:18,952 INFO o.a.j.JMeter: IP: 10.88.12.51 Name: DESKTOP-6TQLEQ5 FullName: DESKTOP-6TQLEQ5
2021-03-06 22:39:18,954 INFO o.a.j.s.FileServer: Default base='D:\softwareInstall\jmeter\apache-jmeter-4.0\bin'
2021-03-06 22:39:18,957 INFO o.a.j.s.FileServer: Set new base='D:\softwareInstall\jmeter\apache-jmeter-4.0\jmeterDate\script'
2021-03-06 22:39:19,055 INFO o.a.j.s.SaveService: Testplan (JMX) version: 2.2. Testlog (JTL) version: 2.2
2021-03-06 22:39:19,065 INFO o.a.j.s.SaveService: Using SaveService properties file encoding UTF-8
2021-03-06 22:39:19,068 INFO o.a.j.s.SaveService: Using SaveService properties version 4.0
2021-03-06 22:39:19,072 INFO o.a.j.s.SaveService: Loading file: D:\softwareInstall\jmeter\apache-jmeter-4.0\jmeterDate\script\test1111.jmx
2021-03-06 22:39:19,120 INFO o.a.j.p.h.s.HTTPSamplerBase: Parser for text/html is org.apache.jmeter.protocol.http.parser.LagartoBasedHtmlParser
2021-03-06 22:39:19,121 INFO o.a.j.p.h.s.HTTPSamplerBase: Parser for application/xhtml+xml is org.apache.jmeter.protocol.http.parser.LagartoBasedHtmlParser
2021-03-06 22:39:19,121 INFO o.a.j.p.h.s.HTTPSamplerBase: Parser for application/xml is org.apache.jmeter.protocol.http.parser.LagartoBasedHtmlParser
2021-03-06 22:39:19,121 INFO o.a.j.p.h.s.HTTPSamplerBase: Parser for text/xml is org.apache.jmeter.protocol.http.parser.LagartoBasedHtmlParser
2021-03-06 22:39:19,121 INFO o.a.j.p.h.s.HTTPSamplerBase: Parser for text/vnd.wap.wml is org.apache.jmeter.protocol.http.parser.RegexpHTMLParser
2021-03-06 22:39:19,121 INFO o.a.j.p.h.s.HTTPSamplerBase: Parser for text/css is org.apache.jmeter.protocol.http.parser.CssParser
2021-03-06 22:39:19,146 INFO o.a.j.JMeter: Creating summariser <summary>
2021-03-06 22:39:19,149 INFO o.a.j.e.StandardJMeterEngine: Running the test!
2021-03-06 22:39:19,150 INFO o.a.j.s.SampleEvent: List of sample_variables: []
2021-03-06 22:39:19,150 INFO o.a.j.s.SampleEvent: List of sample_variables: []
2021-03-06 22:39:19,153 INFO o.a.j.e.u.CompoundVariable: Note: Function class names must contain the string: '.functions.'
2021-03-06 22:39:19,154 INFO o.a.j.e.u.CompoundVariable: Note: Function class names must not contain the string: '.gui.'
2021-03-06 22:39:19,425 INFO o.a.j.JMeter: 正在运行的测试 (1615041559424)
2021-03-06 22:39:19,490 INFO o.a.j.e.StandardJMeterEngine: Starting ThreadGroup: 1 : 线程组
2021-03-06 22:39:19,490 INFO o.a.j.e.StandardJMeterEngine: Starting 1 threads for group 线程组.
2021-03-06 22:39:19,490 INFO o.a.j.e.StandardJMeterEngine: Thread will continue on error
2021-03-06 22:39:19,491 INFO o.a.j.t.ThreadGroup: Starting thread group... number=1 threads=1 ramp-up=1 perThread=1000.0 delayedStart=false
2021-03-06 22:39:19,494 INFO o.a.j.t.ThreadGroup: Started thread group number 1
2021-03-06 22:39:19,494 INFO o.a.j.e.StandardJMeterEngine: All thread groups have been started
2021-03-06 22:39:19,497 INFO o.a.j.t.JMeterThread: Thread started: 线程组 1-1
2021-03-06 22:39:19,511 INFO o.a.j.p.h.s.HTTPHCAbstractImpl: Local host = DESKTOP-6TQLEQ5
2021-03-06 22:39:19,514 INFO o.a.j.p.h.s.HTTPHC4Impl: HTTP request retry count = 0
2021-03-06 22:39:19,521 INFO o.a.j.s.SampleResult: Note: Sample TimeStamps are START times
2021-03-06 22:39:19,521 INFO o.a.j.s.SampleResult: sampleresult.default.encoding is set to ISO-8859-1
2021-03-06 22:39:19,521 INFO o.a.j.s.SampleResult: sampleresult.useNanoTime=true
2021-03-06 22:39:19,521 INFO o.a.j.s.SampleResult: sampleresult.nanoThreadSleep=5000
2021-03-06 22:39:23,985 INFO o.a.j.t.JMeterThread: Thread is done: 线程组 1-1
2021-03-06 22:39:23,985 INFO o.a.j.t.JMeterThread: Thread finished: 线程组 1-1
2021-03-06 22:39:23,986 INFO o.a.j.e.StandardJMeterEngine: Notifying test listeners of end of test
2021-03-06 22:39:23,995 INFO o.a.j.r.Summariser: summary =      3 in 00:00:05 =    0.7/s Avg:   120 Min:    48 Max:   185 Err:     0 (0.00%)
